---------------------------------------------------------------
[ 2020-06-22T09:48:00+08:00 ] 114.102.136.81 GET 178.zbj99.cn/favicon.ico
[运行时间：0.218750s] [吞吐率：4.57req/s] [内存消耗：1,322.67kb] [文件加载：44]
[ info ] [ LANG ] D:\wwwroot\178\wwwroot\thinkphp\lang\zh-cn.php
[ info ] [ ROUTE ] array (
  'type' => 'module',
  'module' => 
  array (
    0 => 'favicon.ico',
    1 => NULL,
    2 => NULL,
  ),
)
[ info ] [ HEADER ] array (
  'content-type' => '',
  'content-length' => '0',
  'x-rewrite-url' => '/favicon.ico',
  'user-agent' => 'Mozilla/5.0 (Windows NT 10.0; WOW64) AppleWebKit/537.36 (KHTML, like Gecko) Chrome/78.0.3904.108 Safari/537.36',
  'host' => '178.zbj99.cn',
  'accept-language' => 'zh-CN,zh;q=0.9',
  'accept-encoding' => 'gzip, deflate',
  'connection' => 'keep-alive',
)
[ info ] [ PARAM ] array (
)
[ info ] [ LOG ] INIT File
---------------------------------------------------------------
[ 2020-06-22T09:48:00+08:00 ] 114.102.136.81 GET 178.zbj99.cn/favicon.ico
[运行时间：0.031250s] [吞吐率：32.00req/s] [内存消耗：1,322.69kb] [文件加载：44]
[ info ] [ LANG ] D:\wwwroot\178\wwwroot\thinkphp\lang\zh-cn.php
[ info ] [ ROUTE ] array (
  'type' => 'module',
  'module' => 
  array (
    0 => 'favicon.ico',
    1 => NULL,
    2 => NULL,
  ),
)
[ info ] [ HEADER ] array (
  'content-type' => '',
  'content-length' => '0',
  'x-rewrite-url' => '/favicon.ico',
  'user-agent' => 'Mozilla/5.0 (Windows NT 10.0; WOW64) AppleWebKit/537.36 (KHTML, like Gecko) Chrome/78.0.3904.108 Safari/537.36',
  'host' => '178.zbj99.cn',
  'accept-language' => 'zh-CN,zh;q=0.9',
  'accept-encoding' => 'gzip, deflate',
  'connection' => 'keep-alive',
)
[ info ] [ PARAM ] array (
)
[ info ] [ LOG ] INIT File
---------------------------------------------------------------
[ 2020-06-22T09:48:06+08:00 ] 114.102.136.81 GET 178.zbj99.cn/favicon.ico
[运行时间：0.031250s] [吞吐率：32.00req/s] [内存消耗：1,322.69kb] [文件加载：44]
[ info ] [ LANG ] D:\wwwroot\178\wwwroot\thinkphp\lang\zh-cn.php
[ info ] [ ROUTE ] array (
  'type' => 'module',
  'module' => 
  array (
    0 => 'favicon.ico',
    1 => NULL,
    2 => NULL,
  ),
)
[ info ] [ HEADER ] array (
  'content-type' => '',
  'content-length' => '0',
  'x-rewrite-url' => '/favicon.ico',
  'user-agent' => 'Mozilla/5.0 (Windows NT 10.0; WOW64) AppleWebKit/537.36 (KHTML, like Gecko) Chrome/78.0.3904.108 Safari/537.36',
  'host' => '178.zbj99.cn',
  'accept-language' => 'zh-CN,zh;q=0.9',
  'accept-encoding' => 'gzip, deflate',
  'connection' => 'keep-alive',
)
[ info ] [ PARAM ] array (
)
[ info ] [ LOG ] INIT File
