---------------------------------------------------------------
[ 2020-06-29T09:24:04+08:00 ] 58.251.121.186 GET 178.zbj99.cn/
[运行时间：0.203125s] [吞吐率：4.92req/s] [内存消耗：2,582.14kb] [文件加载：64]
[ info ] [ LANG ] D:\wwwroot\178\wwwroot\thinkphp\lang\zh-cn.php
[ info ] [ ROUTE ] array (
  'type' => 'module',
  'module' => 
  array (
    0 => '',
    1 => NULL,
    2 => NULL,
  ),
)
[ info ] [ HEADER ] array (
  'content-type' => '',
  'content-length' => '0',
  'x-rewrite-url' => '/',
  'user-agent' => 'Mozilla/5.0 (iPhone; CPU iPhone OS 9_3_4 like Mac OS X) AppleWebKit/601.1.46 (KHTML, like Gecko) Mobile/13G35 QQ/6.5.3.410 V1_IPH_SQ_6.5.3_1_APP_A Pixel/750 Core/UIWebView NetType/2G Mem/117',
  'host' => '178.zbj99.cn',
  'accept-language' => 'zh-cn',
  'accept-encoding' => 'deflate, gzip',
  'accept' => '*/*',
  'connection' => 'Close',
)
[ info ] [ PARAM ] array (
)
[ info ] [ RUN ] app\index\controller\Index->index[ D:\wwwroot\178\wwwroot\application\index\controller\Index.php ]
[ info ] [ DB ] INIT mysql
[ info ] [ VIEW ] application/index\view\index\index.html [ array (
  0 => 'list',
) ]
[ info ] [ CACHE ] INIT File
[ info ] [ LOG ] INIT File
[ sql ] [ DB ] CONNECT:[ UseTime:0.000000s ] mysql:host=127.0.0.1;dbname=db_tp5;charset=utf8
[ sql ] [ SQL ] SHOW COLUMNS FROM `tp_news` [ RunTime:0.015625s ]
[ sql ] [ SQL ] SELECT * FROM `tp_news` [ RunTime:0.000000s ]
[ sql ] [ SQL ] SELECT * FROM `tp_news` WHERE  (  status=1 AND pid=5 AND ty=13 ) ORDER BY `disorder` DESC,`id` DESC LIMIT 0,10 [ RunTime:0.000000s ]
[ sql ] [ SQL ] SHOW COLUMNS FROM `tp_sort` [ RunTime:0.015625s ]
[ sql ] [ SQL ] SELECT `catname` FROM `tp_sort` WHERE  (   id=1  ) LIMIT 1 [ RunTime:0.000000s ]
[ sql ] [ SQL ] SELECT `encatname` FROM `tp_sort` WHERE  (   id=1  ) LIMIT 1 [ RunTime:0.000000s ]
[ sql ] [ SQL ] SELECT `seodescription` FROM `tp_sort` WHERE  (   id=1  ) LIMIT 1 [ RunTime:0.000000s ]
[ sql ] [ SQL ] SELECT * FROM `tp_news` WHERE  (  status=1 AND img1<>'' AND pid=1 AND ty=8 ) ORDER BY `disorder` DESC,`id` DESC LIMIT 0,4 [ RunTime:0.000000s ]
[ sql ] [ SQL ] SELECT * FROM `tp_news` WHERE  (  status=1 AND img1<>'' AND pid=1 AND ty=9 ) ORDER BY `disorder` DESC,`id` DESC LIMIT 0,4 [ RunTime:0.000000s ]
[ sql ] [ SQL ] SELECT * FROM `tp_news` WHERE  (  status=1 AND img1<>'' AND pid=1 AND ty=9 ) ORDER BY `disorder` DESC,`id` DESC LIMIT 4,3 [ RunTime:0.000000s ]
[ sql ] [ SQL ] SELECT `catname` FROM `tp_sort` WHERE  (   id=2  ) LIMIT 1 [ RunTime:0.000000s ]
[ sql ] [ SQL ] SELECT `encatname` FROM `tp_sort` WHERE  (   id=2  ) LIMIT 1 [ RunTime:0.000000s ]
[ sql ] [ SQL ] SELECT * FROM `tp_news` WHERE  (  status=1 AND isgood=1 AND pid=2 AND ty=10 ) ORDER BY `disorder` DESC,`id` DESC LIMIT 0,4 [ RunTime:0.000000s ]
[ sql ] [ SQL ] SELECT `catname` FROM `tp_sort` WHERE  (   id=14  ) LIMIT 1 [ RunTime:0.000000s ]
[ sql ] [ SQL ] SELECT `encatname` FROM `tp_sort` WHERE  (   id=14  ) LIMIT 1 [ RunTime:0.000000s ]
[ sql ] [ SQL ] SELECT * FROM `tp_news` WHERE  (  status=1 AND pid=14 AND ty=15 ) ORDER BY `disorder` DESC,`id` DESC LIMIT 0,4 [ RunTime:0.000000s ]
[ sql ] [ SQL ] SELECT * FROM `tp_news` WHERE  (  status=1 AND pid=14 AND ty=15 ) ORDER BY `disorder` DESC,`id` DESC LIMIT 0,4 [ RunTime:0.000000s ]
[ sql ] [ SQL ] SELECT * FROM `tp_news` WHERE  (  status=1 AND pid=14 AND ty=15 ) ORDER BY `disorder` DESC,`id` DESC LIMIT 4,4 [ RunTime:0.015625s ]
[ sql ] [ SQL ] SELECT * FROM `tp_news` WHERE  (  status=1 AND pid=14 AND ty=15 ) ORDER BY `disorder` DESC,`id` DESC LIMIT 8,4 [ RunTime:0.000000s ]
[ sql ] [ SQL ] SELECT `catname` FROM `tp_sort` WHERE  (   id=3  ) LIMIT 1 [ RunTime:0.000000s ]
[ sql ] [ SQL ] SELECT `encatname` FROM `tp_sort` WHERE  (   id=3  ) LIMIT 1 [ RunTime:0.000000s ]
[ sql ] [ SQL ] SELECT * FROM `tp_news` WHERE  (  status=1 AND isgood=1 AND pid=3 AND ty=11 ) ORDER BY `disorder` DESC,`id` DESC LIMIT 0,3 [ RunTime:0.000000s ]
[ sql ] [ SQL ] SELECT * FROM `tp_news` WHERE  (  status=1 AND isgood=1 AND pid=3 AND ty=11 ) ORDER BY `disorder` DESC,`id` DESC LIMIT 3,4 [ RunTime:0.000000s ]
[ error ] [8]未定义变量: Custitle[D:\wwwroot\178\wwwroot\runtime\temp\f4eb6d83b6e449433bdd9545300dd25b.php:89]
[ error ] [8]未定义变量: Title[D:\wwwroot\178\wwwroot\runtime\temp\f4eb6d83b6e449433bdd9545300dd25b.php:92]
[ error ] [8]未定义数组索引: q[D:\wwwroot\178\wwwroot\function.php:387]
[ error ] [8]未定义数组索引: q[D:\wwwroot\178\wwwroot\function.php:387]
[ error ] [8]未定义数组索引: q[D:\wwwroot\178\wwwroot\function.php:387]
[ error ] [8]未定义数组索引: q[D:\wwwroot\178\wwwroot\function.php:350]
[ error ] [8]未定义数组索引: q[D:\wwwroot\178\wwwroot\function.php:350]
[ error ] [8]未定义数组索引: q[D:\wwwroot\178\wwwroot\function.php:350]
---------------------------------------------------------------
[ 2020-06-29T09:24:04+08:00 ] 58.251.121.184 GET 178.zbj99.cn/Admin/Login/Index/
[运行时间：0.093750s] [吞吐率：10.67req/s] [内存消耗：1,634.30kb] [文件加载：52]
[ info ] [ LANG ] D:\wwwroot\178\wwwroot\thinkphp\lang\zh-cn.php
[ info ] [ ROUTE ] array (
  'type' => 'module',
  'module' => 
  array (
    0 => 'Admin',
    1 => 'Login',
    2 => 'Index',
  ),
)
[ info ] [ HEADER ] array (
  'content-type' => '',
  'content-length' => '0',
  'x-rewrite-url' => '/Admin/Login/Index/',
  'user-agent' => 'Mozilla/5.0 (iPhone; CPU iPhone OS 9_3_4 like Mac OS X) AppleWebKit/601.1.46 (KHTML, like Gecko) Mobile/13G35 QQ/6.5.3.410 V1_IPH_SQ_6.5.3_1_APP_A Pixel/750 Core/UIWebView NetType/2G Mem/117',
  'referer' => 'http://178.zbj99.cn/jxadmin/',
  'host' => '178.zbj99.cn',
  'accept-language' => 'zh-cn',
  'accept-encoding' => 'deflate, gzip',
  'accept' => '*/*',
  'connection' => 'Close',
)
[ info ] [ PARAM ] array (
)
[ info ] [ RUN ] app\admin\controller\Login->Index[ D:\wwwroot\178\wwwroot\application\admin\controller\Login.php ]
[ info ] [ VIEW ] application/admin\view\login\index.html [ array (
) ]
[ info ] [ LOG ] INIT File
---------------------------------------------------------------
[ 2020-06-29T17:49:03+08:00 ] 223.244.71.48 GET 178.zbj99.cn/
[运行时间：0.156250s] [吞吐率：6.40req/s] [内存消耗：2,582.42kb] [文件加载：64]
[ info ] [ LANG ] D:\wwwroot\178\wwwroot\thinkphp\lang\zh-cn.php
[ info ] [ ROUTE ] array (
  'type' => 'module',
  'module' => 
  array (
    0 => '',
    1 => NULL,
    2 => NULL,
  ),
)
[ info ] [ HEADER ] array (
  'content-type' => '',
  'content-length' => '0',
  'x-rewrite-url' => '/',
  'upgrade-insecure-requests' => '1',
  'user-agent' => 'Mozilla/5.0 (Windows NT 6.1; WOW64) AppleWebKit/537.36 (KHTML, like Gecko) Chrome/57.0.2987.98 Safari/537.36 LBBROWSER',
  'host' => '178.zbj99.cn',
  'accept-language' => 'zh-CN,zh;q=0.8',
  'accept-encoding' => 'gzip, deflate, sdch',
  'accept' => 'text/html,application/xhtml+xml,application/xml;q=0.9,image/webp,*/*;q=0.8',
  'connection' => 'keep-alive',
)
[ info ] [ PARAM ] array (
)
[ info ] [ RUN ] app\index\controller\Index->index[ D:\wwwroot\178\wwwroot\application\index\controller\Index.php ]
[ info ] [ DB ] INIT mysql
[ info ] [ VIEW ] application/index\view\index\index.html [ array (
  0 => 'list',
) ]
[ info ] [ CACHE ] INIT File
[ info ] [ LOG ] INIT File
[ sql ] [ DB ] CONNECT:[ UseTime:0.000000s ] mysql:host=127.0.0.1;dbname=db_tp5;charset=utf8
[ sql ] [ SQL ] SHOW COLUMNS FROM `tp_news` [ RunTime:0.000000s ]
[ sql ] [ SQL ] SELECT * FROM `tp_news` [ RunTime:0.000000s ]
[ sql ] [ SQL ] SELECT * FROM `tp_news` WHERE  (  status=1 AND pid=5 AND ty=13 ) ORDER BY `disorder` DESC,`id` DESC LIMIT 0,10 [ RunTime:0.000000s ]
[ sql ] [ SQL ] SHOW COLUMNS FROM `tp_sort` [ RunTime:0.046875s ]
[ sql ] [ SQL ] SELECT `catname` FROM `tp_sort` WHERE  (   id=1  ) LIMIT 1 [ RunTime:0.000000s ]
[ sql ] [ SQL ] SELECT `encatname` FROM `tp_sort` WHERE  (   id=1  ) LIMIT 1 [ RunTime:0.000000s ]
[ sql ] [ SQL ] SELECT `seodescription` FROM `tp_sort` WHERE  (   id=1  ) LIMIT 1 [ RunTime:0.000000s ]
[ sql ] [ SQL ] SELECT * FROM `tp_news` WHERE  (  status=1 AND img1<>'' AND pid=1 AND ty=8 ) ORDER BY `disorder` DESC,`id` DESC LIMIT 0,4 [ RunTime:0.000000s ]
[ sql ] [ SQL ] SELECT * FROM `tp_news` WHERE  (  status=1 AND img1<>'' AND pid=1 AND ty=9 ) ORDER BY `disorder` DESC,`id` DESC LIMIT 0,4 [ RunTime:0.000000s ]
[ sql ] [ SQL ] SELECT * FROM `tp_news` WHERE  (  status=1 AND img1<>'' AND pid=1 AND ty=9 ) ORDER BY `disorder` DESC,`id` DESC LIMIT 4,3 [ RunTime:0.000000s ]
[ sql ] [ SQL ] SELECT `catname` FROM `tp_sort` WHERE  (   id=2  ) LIMIT 1 [ RunTime:0.000000s ]
[ sql ] [ SQL ] SELECT `encatname` FROM `tp_sort` WHERE  (   id=2  ) LIMIT 1 [ RunTime:0.000000s ]
[ sql ] [ SQL ] SELECT * FROM `tp_news` WHERE  (  status=1 AND isgood=1 AND pid=2 AND ty=10 ) ORDER BY `disorder` DESC,`id` DESC LIMIT 0,4 [ RunTime:0.000000s ]
[ sql ] [ SQL ] SELECT `catname` FROM `tp_sort` WHERE  (   id=14  ) LIMIT 1 [ RunTime:0.000000s ]
[ sql ] [ SQL ] SELECT `encatname` FROM `tp_sort` WHERE  (   id=14  ) LIMIT 1 [ RunTime:0.000000s ]
[ sql ] [ SQL ] SELECT * FROM `tp_news` WHERE  (  status=1 AND pid=14 AND ty=15 ) ORDER BY `disorder` DESC,`id` DESC LIMIT 0,4 [ RunTime:0.000000s ]
[ sql ] [ SQL ] SELECT * FROM `tp_news` WHERE  (  status=1 AND pid=14 AND ty=15 ) ORDER BY `disorder` DESC,`id` DESC LIMIT 0,4 [ RunTime:0.000000s ]
[ sql ] [ SQL ] SELECT * FROM `tp_news` WHERE  (  status=1 AND pid=14 AND ty=15 ) ORDER BY `disorder` DESC,`id` DESC LIMIT 4,4 [ RunTime:0.000000s ]
[ sql ] [ SQL ] SELECT * FROM `tp_news` WHERE  (  status=1 AND pid=14 AND ty=15 ) ORDER BY `disorder` DESC,`id` DESC LIMIT 8,4 [ RunTime:0.000000s ]
[ sql ] [ SQL ] SELECT `catname` FROM `tp_sort` WHERE  (   id=3  ) LIMIT 1 [ RunTime:0.000000s ]
[ sql ] [ SQL ] SELECT `encatname` FROM `tp_sort` WHERE  (   id=3  ) LIMIT 1 [ RunTime:0.000000s ]
[ sql ] [ SQL ] SELECT * FROM `tp_news` WHERE  (  status=1 AND isgood=1 AND pid=3 AND ty=11 ) ORDER BY `disorder` DESC,`id` DESC LIMIT 0,3 [ RunTime:0.000000s ]
[ sql ] [ SQL ] SELECT * FROM `tp_news` WHERE  (  status=1 AND isgood=1 AND pid=3 AND ty=11 ) ORDER BY `disorder` DESC,`id` DESC LIMIT 3,4 [ RunTime:0.000000s ]
[ error ] [8]未定义变量: Custitle[D:\wwwroot\178\wwwroot\runtime\temp\f4eb6d83b6e449433bdd9545300dd25b.php:89]
[ error ] [8]未定义变量: Title[D:\wwwroot\178\wwwroot\runtime\temp\f4eb6d83b6e449433bdd9545300dd25b.php:92]
[ error ] [8]未定义数组索引: q[D:\wwwroot\178\wwwroot\function.php:387]
[ error ] [8]未定义数组索引: q[D:\wwwroot\178\wwwroot\function.php:387]
[ error ] [8]未定义数组索引: q[D:\wwwroot\178\wwwroot\function.php:387]
[ error ] [8]未定义数组索引: q[D:\wwwroot\178\wwwroot\function.php:350]
[ error ] [8]未定义数组索引: q[D:\wwwroot\178\wwwroot\function.php:350]
[ error ] [8]未定义数组索引: q[D:\wwwroot\178\wwwroot\function.php:350]
---------------------------------------------------------------
[ 2020-06-29T17:49:04+08:00 ] 223.244.71.48 GET 178.zbj99.cn/
[运行时间：0.062500s] [吞吐率：16.00req/s] [内存消耗：2,582.24kb] [文件加载：64]
[ info ] [ LANG ] D:\wwwroot\178\wwwroot\thinkphp\lang\zh-cn.php
[ info ] [ ROUTE ] array (
  'type' => 'module',
  'module' => 
  array (
    0 => '',
    1 => NULL,
    2 => NULL,
  ),
)
[ info ] [ HEADER ] array (
  'content-type' => '',
  'content-length' => '0',
  'x-rewrite-url' => '/',
  'user-agent' => 'Mozilla/5.0 (Windows NT 6.1; WOW64) AppleWebKit/537.36 (KHTML, like Gecko) Chrome/57.0.2987.98 Safari/537.36 LBBROWSER',
  'referer' => 'http://178.zbj99.cn/',
  'host' => '178.zbj99.cn',
  'accept-language' => 'zh-CN,zh;q=0.8',
  'accept-encoding' => 'gzip, deflate, sdch',
  'accept' => 'image/webp,image/*,*/*;q=0.8',
  'connection' => 'keep-alive',
)
[ info ] [ PARAM ] array (
)
[ info ] [ RUN ] app\index\controller\Index->index[ D:\wwwroot\178\wwwroot\application\index\controller\Index.php ]
[ info ] [ DB ] INIT mysql
[ info ] [ VIEW ] application/index\view\index\index.html [ array (
  0 => 'list',
) ]
[ info ] [ CACHE ] INIT File
[ info ] [ LOG ] INIT File
[ sql ] [ DB ] CONNECT:[ UseTime:0.000000s ] mysql:host=127.0.0.1;dbname=db_tp5;charset=utf8
[ sql ] [ SQL ] SHOW COLUMNS FROM `tp_news` [ RunTime:0.000000s ]
[ sql ] [ SQL ] SELECT * FROM `tp_news` [ RunTime:0.000000s ]
[ sql ] [ SQL ] SELECT * FROM `tp_news` WHERE  (  status=1 AND pid=5 AND ty=13 ) ORDER BY `disorder` DESC,`id` DESC LIMIT 0,10 [ RunTime:0.000000s ]
[ sql ] [ SQL ] SHOW COLUMNS FROM `tp_sort` [ RunTime:0.000000s ]
[ sql ] [ SQL ] SELECT `catname` FROM `tp_sort` WHERE  (   id=1  ) LIMIT 1 [ RunTime:0.000000s ]
[ sql ] [ SQL ] SELECT `encatname` FROM `tp_sort` WHERE  (   id=1  ) LIMIT 1 [ RunTime:0.000000s ]
[ sql ] [ SQL ] SELECT `seodescription` FROM `tp_sort` WHERE  (   id=1  ) LIMIT 1 [ RunTime:0.000000s ]
[ sql ] [ SQL ] SELECT * FROM `tp_news` WHERE  (  status=1 AND img1<>'' AND pid=1 AND ty=8 ) ORDER BY `disorder` DESC,`id` DESC LIMIT 0,4 [ RunTime:0.000000s ]
[ sql ] [ SQL ] SELECT * FROM `tp_news` WHERE  (  status=1 AND img1<>'' AND pid=1 AND ty=9 ) ORDER BY `disorder` DESC,`id` DESC LIMIT 0,4 [ RunTime:0.000000s ]
[ sql ] [ SQL ] SELECT * FROM `tp_news` WHERE  (  status=1 AND img1<>'' AND pid=1 AND ty=9 ) ORDER BY `disorder` DESC,`id` DESC LIMIT 4,3 [ RunTime:0.000000s ]
[ sql ] [ SQL ] SELECT `catname` FROM `tp_sort` WHERE  (   id=2  ) LIMIT 1 [ RunTime:0.000000s ]
[ sql ] [ SQL ] SELECT `encatname` FROM `tp_sort` WHERE  (   id=2  ) LIMIT 1 [ RunTime:0.000000s ]
[ sql ] [ SQL ] SELECT * FROM `tp_news` WHERE  (  status=1 AND isgood=1 AND pid=2 AND ty=10 ) ORDER BY `disorder` DESC,`id` DESC LIMIT 0,4 [ RunTime:0.000000s ]
[ sql ] [ SQL ] SELECT `catname` FROM `tp_sort` WHERE  (   id=14  ) LIMIT 1 [ RunTime:0.000000s ]
[ sql ] [ SQL ] SELECT `encatname` FROM `tp_sort` WHERE  (   id=14  ) LIMIT 1 [ RunTime:0.000000s ]
[ sql ] [ SQL ] SELECT * FROM `tp_news` WHERE  (  status=1 AND pid=14 AND ty=15 ) ORDER BY `disorder` DESC,`id` DESC LIMIT 0,4 [ RunTime:0.000000s ]
[ sql ] [ SQL ] SELECT * FROM `tp_news` WHERE  (  status=1 AND pid=14 AND ty=15 ) ORDER BY `disorder` DESC,`id` DESC LIMIT 0,4 [ RunTime:0.000000s ]
[ sql ] [ SQL ] SELECT * FROM `tp_news` WHERE  (  status=1 AND pid=14 AND ty=15 ) ORDER BY `disorder` DESC,`id` DESC LIMIT 4,4 [ RunTime:0.000000s ]
[ sql ] [ SQL ] SELECT * FROM `tp_news` WHERE  (  status=1 AND pid=14 AND ty=15 ) ORDER BY `disorder` DESC,`id` DESC LIMIT 8,4 [ RunTime:0.000000s ]
[ sql ] [ SQL ] SELECT `catname` FROM `tp_sort` WHERE  (   id=3  ) LIMIT 1 [ RunTime:0.000000s ]
[ sql ] [ SQL ] SELECT `encatname` FROM `tp_sort` WHERE  (   id=3  ) LIMIT 1 [ RunTime:0.000000s ]
[ sql ] [ SQL ] SELECT * FROM `tp_news` WHERE  (  status=1 AND isgood=1 AND pid=3 AND ty=11 ) ORDER BY `disorder` DESC,`id` DESC LIMIT 0,3 [ RunTime:0.000000s ]
[ sql ] [ SQL ] SELECT * FROM `tp_news` WHERE  (  status=1 AND isgood=1 AND pid=3 AND ty=11 ) ORDER BY `disorder` DESC,`id` DESC LIMIT 3,4 [ RunTime:0.000000s ]
[ error ] [8]未定义变量: Custitle[D:\wwwroot\178\wwwroot\runtime\temp\f4eb6d83b6e449433bdd9545300dd25b.php:89]
[ error ] [8]未定义变量: Title[D:\wwwroot\178\wwwroot\runtime\temp\f4eb6d83b6e449433bdd9545300dd25b.php:92]
[ error ] [8]未定义数组索引: q[D:\wwwroot\178\wwwroot\function.php:387]
[ error ] [8]未定义数组索引: q[D:\wwwroot\178\wwwroot\function.php:387]
[ error ] [8]未定义数组索引: q[D:\wwwroot\178\wwwroot\function.php:387]
[ error ] [8]未定义数组索引: q[D:\wwwroot\178\wwwroot\function.php:350]
[ error ] [8]未定义数组索引: q[D:\wwwroot\178\wwwroot\function.php:350]
[ error ] [8]未定义数组索引: q[D:\wwwroot\178\wwwroot\function.php:350]
---------------------------------------------------------------
[ 2020-06-29T17:49:10+08:00 ] 223.244.71.48 GET 178.zbj99.cn/favicon.ico
[运行时间：0.031250s] [吞吐率：32.00req/s] [内存消耗：1,323.50kb] [文件加载：44]
[ info ] [ LANG ] D:\wwwroot\178\wwwroot\thinkphp\lang\zh-cn.php
[ info ] [ ROUTE ] array (
  'type' => 'module',
  'module' => 
  array (
    0 => 'favicon.ico',
    1 => NULL,
    2 => NULL,
  ),
)
[ info ] [ HEADER ] array (
  'content-type' => '',
  'content-length' => '0',
  'x-rewrite-url' => '/favicon.ico',
  'user-agent' => 'Mozilla/5.0 (Windows NT 6.1; WOW64) AppleWebKit/537.36 (KHTML, like Gecko) Chrome/57.0.2987.98 Safari/537.36 LBBROWSER',
  'referer' => 'http://178.zbj99.cn/',
  'host' => '178.zbj99.cn',
  'cookie' => 'thinkphp_show_page_trace=0|0',
  'accept-language' => 'zh-CN,zh;q=0.8',
  'accept-encoding' => 'gzip, deflate, sdch',
  'accept' => 'image/webp,image/*,*/*;q=0.8',
  'connection' => 'keep-alive',
)
[ info ] [ PARAM ] array (
)
[ info ] [ LOG ] INIT File
